        -:    0:Source:Z:/On_testing/modbustcp/SampleModbusTCP_8Fn/libModbusTcp/readInputReg.c
        -:    0:Programs:14
        -:    1:/*
        -:    2:QUERY FRAME:
        -:    3:
        -:    4:| Transaction Identifier | Protocol Identifier | Length | Unit Identifier | Function Code | Starting Address | Quantity of Registers |
        -:    5:|------------------------|---------------------|--------|-----------------|---------------|------------------|-----------------------|
        -:    6:|       2 bytes          |      2 bytes        |2 bytes |      1 byte     |     1 byte    |     2 bytes      |       2 bytes         |
        -:    7:
        -:    8:RESPONSE FRAME:
        -:    9:
        -:   10:| Transaction Identifier | Protocol Identifier | Length | Unit Identifier | Function Code | Byte Count | Data                |
        -:   11:|------------------------|---------------------|--------|-----------------|---------------|------------|---------------------|
        -:   12:|       2 bytes          |      2 bytes        |2 bytes |      1 byte     |     1 byte    |   1 byte   | Variable (n bytes)  |
        -:   13:
        -:   14: * INPUT FRAME  = {0x00, 0x01, 0x00, 0x03, 0x00, 0x05, 0x10, 0x04, 0x00, 0x06, 0x00, 0x03} - 12 bytes
        -:   15: * DATAREGISTER = {0x0000, 0x0001, 0x0002, 0x0003, 0x0004, 0x0005, 0x0006, 0x0007, 0x0008, 0x0009, 0x0009, 0x0008, 0x0007, 0x0007, 0x0006, 0x0005, 0x0004, 0x0003, 0x0002, 0x0001, 0x0025, 0x0035, 0x0036, 0x9957, 0x7890}
        -:   16:
        -:   17: * The Query Message specifies the starting register and Quantity of registers to be read
        -:   18: * This Query Request to read 3 register values from starting address 0x06 (0x06, 0x07, 0x08)
        -:   19: * RESPONSE FRAME = {0x00, 0x01, 0x00, 0x03, 0x00, 0x09, 0x10, 0x04, 0x06, 0x00, 0x06, 0x00, 0x07, 0x00, 0x08} - 15 bytes(9 bytes + (2* no of Registers))
        -:   20: *
        -:   21: * when error detected :
        -:   22: * RESPONSE FRAME = {0x00, 0x01, 0x02, 0x03, 0x00, 0x03, 0x10, 0x91, 0x01} - 9 bytes
        -:   23: */
        -:   24:
        -:   25:#include "modbusTcp.h"
        -:   26:
        1:   27:uint16_t readInputReg(uint8_t *p_modbusTxBuf, uint16_t *p_dataMemory, mbPacketParse_t *p_parseModbusTcpData)
        -:   28:{
        -:   29:    /* Declaration of local variable */
        1:   30:    unsigned int bytes = 0;
        1:   31:    unsigned int a = 0, b = 0;
        -:   32:
        -:   33:    /* Assigning values for transmitting buffer*/
        1:   34:    p_modbusTxBuf[0] = p_parseModbusTcpData->transactionID.v[1];
        1:   35:    p_modbusTxBuf[1] = p_parseModbusTcpData->transactionID.v[0];
        -:   36:
        1:   37:    p_modbusTxBuf[2] = p_parseModbusTcpData->protocolID.v[1];
        1:   38:    p_modbusTxBuf[3] = p_parseModbusTcpData->protocolID.v[0];
        -:   39:
        1:   40:    p_modbusTxBuf[4] = 0X0;
        -:   41:
        1:   42:    p_modbusTxBuf[6] = p_parseModbusTcpData->unitID;
        1:   43:    p_modbusTxBuf[7] = p_parseModbusTcpData->functionCode;
        1:   44:    p_modbusTxBuf[8] = (char)(p_parseModbusTcpData->numberofRegister.Val * 2);
        1:   45:    p_modbusTxBuf[5] = p_modbusTxBuf[8] + 0X03; /* length */
        -:   46:
        3:   47:    for (a = 0; a < p_parseModbusTcpData->numberofRegister.Val; a++)
        -:   48:    {
        2:   49:        b = a * 2;
        -:   50:
        2:   51:        p_modbusTxBuf[9 + b] = p_dataMemory[p_parseModbusTcpData->startAddress.Val + a] / 0x100;
        2:   52:        p_modbusTxBuf[10 + b] = p_dataMemory[p_parseModbusTcpData->startAddress.Val + a] % 0x100;
        -:   53:    }
        -:   54:
        1:   55:    bytes = 0x9 + p_modbusTxBuf[8];
        1:   56:    return bytes;
        -:   57:}
